<default.xml>\n <no-query-file-specified>\n </no-query-file-specified>\n </default.xml>\n
